app/build/intermediates/manifest_merge_blame_file/debug/manifest-merger-blame-debug-report.txt
1<?xml version="1.0" encoding="utf-8"?>
2<manifest xmlns:android="http://schemas.android.com/apk/res/android"
3    package="com.example.root.fire_major_notification"
4    android:versionCode="1"
5    android:versionName="1.0" >
6
7    <uses-sdk
8        android:minSdkVersion="16"
8-->src\main\AndroidManifest.xml
9        android:targetSdkVersion="30" />
9-->src\main\AndroidManifest.xml
10
11    <!-- Although the *SdkVersion is captured in gradle build files, this is required for non gradle builds -->
12    <!-- <uses-sdk android:minSdkVersion="14"/> -->
13    <uses-permission android:name="android.permission.ACCESS_NETWORK_STATE" />
13-->[com.google.firebase:firebase-database:19.2.1] AndroidManifest.xml:25:5-79
13-->[com.google.firebase:firebase-database:19.2.1] AndroidManifest.xml:25:22-76
14    <uses-permission android:name="android.permission.INTERNET" />
14-->[com.google.firebase:firebase-database:19.2.1] AndroidManifest.xml:26:5-67
14-->[com.google.firebase:firebase-database:19.2.1] AndroidManifest.xml:26:22-64
15    <uses-permission android:name="android.permission.WAKE_LOCK" /> <!-- Required by older versions of Google Play services to create IID tokens -->
15-->[com.google.android.gms:play-services-measurement-api:16.4.0] AndroidManifest.xml:24:5-68
15-->[com.google.android.gms:play-services-measurement-api:16.4.0] AndroidManifest.xml:24:22-65
16    <uses-permission android:name="com.google.android.c2dm.permission.RECEIVE" />
16-->[com.google.firebase:firebase-iid:17.1.2] AndroidManifest.xml:26:5-82
16-->[com.google.firebase:firebase-iid:17.1.2] AndroidManifest.xml:26:22-79
17    <uses-permission android:name="com.google.android.finsky.permission.BIND_GET_INSTALL_REFERRER_SERVICE" />
17-->[com.google.android.gms:play-services-measurement:16.4.0] AndroidManifest.xml:26:5-110
17-->[com.google.android.gms:play-services-measurement:16.4.0] AndroidManifest.xml:26:22-107
18
19    <application
19-->src\main\AndroidManifest.xml:5:5-40:19
20        android:allowBackup="true"
20-->src\main\AndroidManifest.xml:6:9-35
21        android:appComponentFactory="androidx.core.app.CoreComponentFactory"
21-->[androidx.core:core:1.0.0] AndroidManifest.xml:22:18-86
22        android:debuggable="true"
23        android:icon="@mipmap/ic_launcher"
23-->src\main\AndroidManifest.xml:7:9-43
24        android:label="@string/app_name"
24-->src\main\AndroidManifest.xml:8:9-41
25        android:roundIcon="@mipmap/ic_launcher_round"
25-->src\main\AndroidManifest.xml:9:9-54
26        android:supportsRtl="true"
26-->src\main\AndroidManifest.xml:10:9-35
27        android:testOnly="true"
28        android:theme="@style/AppTheme" >
28-->src\main\AndroidManifest.xml:11:9-40
29        <activity android:name="com.example.root.fire_major_notification.MainActivity" >
29-->src\main\AndroidManifest.xml:12:9-18:20
29-->src\main\AndroidManifest.xml:12:19-47
30            <intent-filter>
30-->src\main\AndroidManifest.xml:13:13-17:29
31                <action android:name="android.intent.action.MAIN" />
31-->src\main\AndroidManifest.xml:14:17-69
31-->src\main\AndroidManifest.xml:14:25-66
32
33                <category android:name="android.intent.category.LAUNCHER" />
33-->src\main\AndroidManifest.xml:16:17-77
33-->src\main\AndroidManifest.xml:16:27-74
34            </intent-filter>
35        </activity>
36
37        <service android:name="com.example.root.fire_major_notification.MyFirebaseMessagingService" >
37-->src\main\AndroidManifest.xml:20:9-24:19
37-->src\main\AndroidManifest.xml:20:18-60
38            <intent-filter>
38-->src\main\AndroidManifest.xml:21:13-23:29
39                <action android:name="com.google.firebase.MESSAGING_EVENT" />
39-->src\main\AndroidManifest.xml:22:17-78
39-->src\main\AndroidManifest.xml:22:25-75
40            </intent-filter>
41        </service>
42        <service android:name="com.example.root.fire_major_notification.MyFirebaseInstanceIDService" >
42-->src\main\AndroidManifest.xml:25:9-29:19
42-->src\main\AndroidManifest.xml:25:18-61
43            <intent-filter>
43-->src\main\AndroidManifest.xml:26:13-28:29
44                <action android:name="com.google.firebase.INSTANCE_ID_EVENT" />
44-->src\main\AndroidManifest.xml:27:17-80
44-->src\main\AndroidManifest.xml:27:25-77
45            </intent-filter>
46        </service>
47        <service
47-->src\main\AndroidManifest.xml:30:9-33:47
48            android:name="com.example.root.fire_major_notification.MyService"
48-->src\main\AndroidManifest.xml:31:13-38
49            android:enabled="true"
49-->src\main\AndroidManifest.xml:32:13-35
50            android:exported="true" />
50-->src\main\AndroidManifest.xml:33:13-36
51        <service android:name="com.example.root.fire_major_notification.MyFirebaseMessagingService" >
51-->src\main\AndroidManifest.xml:20:9-24:19
51-->src\main\AndroidManifest.xml:20:18-60
52            <intent-filter>
52-->src\main\AndroidManifest.xml:21:13-23:29
53                <action android:name="com.google.firebase.MESSAGING_EVENT" />
53-->src\main\AndroidManifest.xml:22:17-78
53-->src\main\AndroidManifest.xml:22:25-75
54            </intent-filter>
55        </service>
56        <service
56-->[com.google.firebase:firebase-database:19.2.1] AndroidManifest.xml:29:9-35:19
57            android:name="com.google.firebase.components.ComponentDiscoveryService"
57-->[com.google.firebase:firebase-database:19.2.1] AndroidManifest.xml:30:13-84
58            android:directBootAware="true"
58-->[com.google.firebase:firebase-common:19.3.0] AndroidManifest.xml:34:13-43
59            android:exported="false" >
59-->[com.google.firebase:firebase-database:19.2.1] AndroidManifest.xml:31:13-37
60            <meta-data
60-->[com.google.firebase:firebase-database:19.2.1] AndroidManifest.xml:32:13-34:85
61                android:name="com.google.firebase.components:com.google.firebase.database.DatabaseRegistrar"
61-->[com.google.firebase:firebase-database:19.2.1] AndroidManifest.xml:33:17-109
62                android:value="com.google.firebase.components.ComponentRegistrar" />
62-->[com.google.firebase:firebase-database:19.2.1] AndroidManifest.xml:34:17-82
63            <meta-data
63-->[com.google.android.gms:play-services-measurement-api:16.4.0] AndroidManifest.xml:30:13-32:85
64                android:name="com.google.firebase.components:com.google.firebase.analytics.connector.internal.AnalyticsConnectorRegistrar"
64-->[com.google.android.gms:play-services-measurement-api:16.4.0] AndroidManifest.xml:31:17-139
65                android:value="com.google.firebase.components.ComponentRegistrar" />
65-->[com.google.android.gms:play-services-measurement-api:16.4.0] AndroidManifest.xml:32:17-82
66            <meta-data
66-->[com.google.firebase:firebase-iid:17.1.2] AndroidManifest.xml:32:13-34:85
67                android:name="com.google.firebase.components:com.google.firebase.iid.Registrar"
67-->[com.google.firebase:firebase-iid:17.1.2] AndroidManifest.xml:33:17-96
68                android:value="com.google.firebase.components.ComponentRegistrar" />
68-->[com.google.firebase:firebase-iid:17.1.2] AndroidManifest.xml:34:17-82
69        </service>
70        <!--
71             FirebaseMessagingService performs security checks at runtime,
72             but set to not exported to explicitly avoid allowing another app to call it.
73        -->
74        <service
74-->[com.google.firebase:firebase-messaging:17.6.0] AndroidManifest.xml:28:9-34:19
75            android:name="com.google.firebase.messaging.FirebaseMessagingService"
75-->[com.google.firebase:firebase-messaging:17.6.0] AndroidManifest.xml:29:13-82
76            android:exported="false" >
76-->[com.google.firebase:firebase-messaging:17.6.0] AndroidManifest.xml:30:13-37
77            <intent-filter android:priority="-500" >
77-->src\main\AndroidManifest.xml:21:13-23:29
78                <action android:name="com.google.firebase.MESSAGING_EVENT" />
78-->src\main\AndroidManifest.xml:22:17-78
78-->src\main\AndroidManifest.xml:22:25-75
79            </intent-filter>
80        </service>
81
82        <receiver
82-->[com.google.firebase:firebase-iid:17.1.2] AndroidManifest.xml:37:9-44:20
83            android:name="com.google.firebase.iid.FirebaseInstanceIdReceiver"
83-->[com.google.firebase:firebase-iid:17.1.2] AndroidManifest.xml:38:13-78
84            android:exported="true"
84-->[com.google.firebase:firebase-iid:17.1.2] AndroidManifest.xml:39:13-36
85            android:permission="com.google.android.c2dm.permission.SEND" >
85-->[com.google.firebase:firebase-iid:17.1.2] AndroidManifest.xml:40:13-73
86            <intent-filter>
86-->[com.google.firebase:firebase-iid:17.1.2] AndroidManifest.xml:41:13-43:29
87                <action android:name="com.google.android.c2dm.intent.RECEIVE" />
87-->[com.google.firebase:firebase-iid:17.1.2] AndroidManifest.xml:42:17-81
87-->[com.google.firebase:firebase-iid:17.1.2] AndroidManifest.xml:42:25-78
88            </intent-filter>
89        </receiver>
90        <!--
91             FirebaseInstanceIdService performs security checks at runtime,
92             no need for explicit permissions despite exported="true"
93        -->
94        <service
94-->[com.google.firebase:firebase-iid:17.1.2] AndroidManifest.xml:50:9-56:19
95            android:name="com.google.firebase.iid.FirebaseInstanceIdService"
95-->[com.google.firebase:firebase-iid:17.1.2] AndroidManifest.xml:51:13-77
96            android:exported="true" >
96-->[com.google.firebase:firebase-iid:17.1.2] AndroidManifest.xml:52:13-36
97            <intent-filter android:priority="-500" >
97-->src\main\AndroidManifest.xml:26:13-28:29
98                <action android:name="com.google.firebase.INSTANCE_ID_EVENT" />
98-->src\main\AndroidManifest.xml:27:17-80
98-->src\main\AndroidManifest.xml:27:25-77
99            </intent-filter>
100        </service>
101
102        <provider
102-->[com.google.firebase:firebase-common:19.3.0] AndroidManifest.xml:26:9-30:39
103            android:name="com.google.firebase.provider.FirebaseInitProvider"
103-->[com.google.firebase:firebase-common:19.3.0] AndroidManifest.xml:27:13-77
104            android:authorities="com.example.root.fire_major_notification.firebaseinitprovider"
104-->[com.google.firebase:firebase-common:19.3.0] AndroidManifest.xml:28:13-72
105            android:exported="false"
105-->[com.google.firebase:firebase-common:19.3.0] AndroidManifest.xml:29:13-37
106            android:initOrder="100" />
106-->[com.google.firebase:firebase-common:19.3.0] AndroidManifest.xml:30:13-36
107
108        <activity
108-->[com.google.android.gms:play-services-base:17.0.0] AndroidManifest.xml:23:9-26:75
109            android:name="com.google.android.gms.common.api.GoogleApiActivity"
109-->[com.google.android.gms:play-services-base:17.0.0] AndroidManifest.xml:24:13-79
110            android:exported="false"
110-->[com.google.android.gms:play-services-base:17.0.0] AndroidManifest.xml:25:13-37
111            android:theme="@android:style/Theme.Translucent.NoTitleBar" />
111-->[com.google.android.gms:play-services-base:17.0.0] AndroidManifest.xml:26:13-72
112
113        <receiver
113-->[com.google.android.gms:play-services-measurement:16.4.0] AndroidManifest.xml:29:9-33:20
114            android:name="com.google.android.gms.measurement.AppMeasurementReceiver"
114-->[com.google.android.gms:play-services-measurement:16.4.0] AndroidManifest.xml:30:13-85
115            android:enabled="true"
115-->[com.google.android.gms:play-services-measurement:16.4.0] AndroidManifest.xml:31:13-35
116            android:exported="false" >
116-->[com.google.android.gms:play-services-measurement:16.4.0] AndroidManifest.xml:32:13-37
117        </receiver>
118        <receiver
118-->[com.google.android.gms:play-services-measurement:16.4.0] AndroidManifest.xml:34:9-42:20
119            android:name="com.google.android.gms.measurement.AppMeasurementInstallReferrerReceiver"
119-->[com.google.android.gms:play-services-measurement:16.4.0] AndroidManifest.xml:35:13-100
120            android:enabled="true"
120-->[com.google.android.gms:play-services-measurement:16.4.0] AndroidManifest.xml:36:13-35
121            android:exported="true"
121-->[com.google.android.gms:play-services-measurement:16.4.0] AndroidManifest.xml:37:13-36
122            android:permission="android.permission.INSTALL_PACKAGES" >
122-->[com.google.android.gms:play-services-measurement:16.4.0] AndroidManifest.xml:38:13-69
123            <intent-filter>
123-->[com.google.android.gms:play-services-measurement:16.4.0] AndroidManifest.xml:39:13-41:29
124                <action android:name="com.android.vending.INSTALL_REFERRER" />
124-->[com.google.android.gms:play-services-measurement:16.4.0] AndroidManifest.xml:40:17-79
124-->[com.google.android.gms:play-services-measurement:16.4.0] AndroidManifest.xml:40:25-76
125            </intent-filter>
126        </receiver>
127
128        <service
128-->[com.google.android.gms:play-services-measurement:16.4.0] AndroidManifest.xml:44:9-47:40
129            android:name="com.google.android.gms.measurement.AppMeasurementService"
129-->[com.google.android.gms:play-services-measurement:16.4.0] AndroidManifest.xml:45:13-84
130            android:enabled="true"
130-->[com.google.android.gms:play-services-measurement:16.4.0] AndroidManifest.xml:46:13-35
131            android:exported="false" />
131-->[com.google.android.gms:play-services-measurement:16.4.0] AndroidManifest.xml:47:13-37
132        <service
132-->[com.google.android.gms:play-services-measurement:16.4.0] AndroidManifest.xml:48:9-52:72
133            android:name="com.google.android.gms.measurement.AppMeasurementJobService"
133-->[com.google.android.gms:play-services-measurement:16.4.0] AndroidManifest.xml:49:13-87
134            android:enabled="true"
134-->[com.google.android.gms:play-services-measurement:16.4.0] AndroidManifest.xml:50:13-35
135            android:exported="false"
135-->[com.google.android.gms:play-services-measurement:16.4.0] AndroidManifest.xml:51:13-37
136            android:permission="android.permission.BIND_JOB_SERVICE" />
136-->[com.google.android.gms:play-services-measurement:16.4.0] AndroidManifest.xml:52:13-69
137
138        <meta-data
138-->[com.google.android.gms:play-services-basement:17.0.0] AndroidManifest.xml:23:9-25:69
139            android:name="com.google.android.gms.version"
139-->[com.google.android.gms:play-services-basement:17.0.0] AndroidManifest.xml:24:13-58
140            android:value="@integer/google_play_services_version" />
140-->[com.google.android.gms:play-services-basement:17.0.0] AndroidManifest.xml:25:13-66
141    </application>
142
143</manifest>